<?xml version="1.0" encoding="UTF-8"?>
<testsuite xmlns:xsi="http://www.w3.org/2001/XMLSchema-instance" xsi:noNamespaceSchemaLocation="https://maven.apache.org/surefire/maven-surefire-plugin/xsd/surefire-test-report.xsd" name="RunTest" time="318.622" tests="148" errors="8" skipped="2" failures="2">
  <properties>
[...]
</properties>
  <testcase name="Given the computer database is open" classname="| I1 | Test Computer A | 2021-01-04 | 2021-01-05 | IBM |" time="0"/>
  <testcase name="When I add a new computer" classname="| I1 | Test Computer A | 2021-01-04 | 2021-01-05 | IBM |" time="0"/>
  <testcase name="Then I can see the computer in the list" classname="| I1 | Test Computer A | 2021-01-04 | 2021-01-05 | IBM |" time="0"/>
  <testcase name="And I delete the computer &apos;Test Computer A&apos;" classname="| I1 | Test Computer A | 2021-01-04 | 2021-01-05 | IBM |" time="0"/>
  <testcase name="| I1 | Test Computer A | 2021-01-04 | 2021-01-05 | IBM |" classname="| I1 | Test Computer A | 2021-01-04 | 2021-01-05 | IBM |" time="0.042"/>
  <testcase name="Given the computer database is open" classname="| I2 | Test Computer1 | 2016-02-29 |  | Netronics |" time="0"/>
  <testcase name="When I add a new computer" classname="| I2 | Test Computer1 | 2016-02-29 |  | Netronics |" time="0"/>
  <testcase name="Then I can see the computer in the list" classname="| I2 | Test Computer1 | 2016-02-29 |  | Netronics |" time="0"/>
  <testcase name="And I delete the computer &apos;Test Computer1&apos;" classname="| I2 | Test Computer1 | 2016-02-29 |  | Netronics |" time="0"/>
  <testcase name="| I2 | Test Computer1 | 2016-02-29 |  | Netronics |" classname="| I2 | Test Computer1 | 2016-02-29 |  | Netronics |" time="0.047"/>
  <testcase name="Given the computer database is open" classname="| I3 | 1234567890 |  | 2021-01-05 | IBM |" time="0"/>
  <testcase name="When I add a new computer" classname="| I3 | 1234567890 |  | 2021-01-05 | IBM |" time="0"/>
  <testcase name="Then I can see the computer in the list" classname="| I3 | 1234567890 |  | 2021-01-05 | IBM |" time="0"/>
  <testcase name="And I delete the computer &apos;1234567890&apos;" classname="| I3 | 1234567890 |  | 2021-01-05 | IBM |" time="0"/>
  <testcase name="| I3 | 1234567890 |  | 2021-01-05 | IBM |" classname="| I3 | 1234567890 |  | 2021-01-05 | IBM |" time="0.058"/>
  <testcase name="Given the computer database is open(| I4 | Test Computer3!&quot;£$%^&amp;*" classname=")_+=-{}][~@:;&apos;#?&gt;&lt;,./\ |  |  | Apple Inc. |" time="0"/>
  <testcase name="When I add a new computer(| I4 | Test Computer3!&quot;£$%^&amp;*" classname=")_+=-{}][~@:;&apos;#?&gt;&lt;,./\ |  |  | Apple Inc. |" time="0"/>
  <testcase name="Then I can see the computer in the list(| I4 | Test Computer3!&quot;£$%^&amp;*" classname=")_+=-{}][~@:;&apos;#?&gt;&lt;,./\ |  |  | Apple Inc. |" time="0">
    <failure message="No items in the table to check" type="java.lang.AssertionError">java.lang.AssertionError: No items in the table to check
</failure>
  </testcase>
  <testcase name="| I4 | Test Computer3!&quot;£$%^&amp;*" classname="| I4 | Test Computer3!&quot;£$%^&amp;*()_+=-{}][~@:;&apos;#?&gt;&lt;,./\ |  |  | Apple Inc. |" time="0">
    <failure message="No items in the table to check" type="java.lang.AssertionError">java.lang.AssertionError: No items in the table to check
</failure>
  </testcase>
  <testcase name="And I delete the computer &apos;Test Computer3!&quot;£$%^&amp;*()_+=-{}][~@:;&apos;#?&gt;&lt;,./\&apos;(| I4 | Test Computer3!&quot;£$%^&amp;*" classname=")_+=-{}][~@:;&apos;#?&gt;&lt;,./\ |  |  | Apple Inc. |" time="0">
    <skipped/>
  </testcase>
  <testcase name="Given the computer database is open" classname="| I5 | ABCDEFHGIJKLMNOPQRSTUVWXYZabcdefghijklmnopqr | 2016-02-29 | 2021-01-05 | IBM |" time="0"/>
  <testcase name="When I add a new computer" classname="| I5 | ABCDEFHGIJKLMNOPQRSTUVWXYZabcdefghijklmnopqr | 2016-02-29 | 2021-01-05 | IBM |" time="0"/>
  <testcase name="Then I can see the computer in the list" classname="| I5 | ABCDEFHGIJKLMNOPQRSTUVWXYZabcdefghijklmnopqr | 2016-02-29 | 2021-01-05 | IBM |" time="0"/>
  <testcase name="And I delete the computer &apos;ABCDEFHGIJKLMNOPQRSTUVWXYZabcdefghijklmnopqr&apos;" classname="| I5 | ABCDEFHGIJKLMNOPQRSTUVWXYZabcdefghijklmnopqr | 2016-02-29 | 2021-01-05 | IBM |" time="0"/>
  <testcase name="| I5 | ABCDEFHGIJKLMNOPQRSTUVWXYZabcdefghijklmnopqr | 2016-02-29 | 2021-01-05 | IBM |" classname="| I5 | ABCDEFHGIJKLMNOPQRSTUVWXYZabcdefghijklmnopqr | 2016-02-29 | 2021-01-05 | IBM |" time="0.047"/>
  <testcase name="Given the computer database is open" classname="| I6 | 1234567890 |  |  | IBM |" time="0"/>
  <testcase name="When I add a new computer" classname="| I6 | 1234567890 |  |  | IBM |" time="0"/>
  <testcase name="Then I can see the computer in the list" classname="| I6 | 1234567890 |  |  | IBM |" time="0"/>
  <testcase name="And I delete the computer &apos;1234567890&apos;" classname="| I6 | 1234567890 |  |  | IBM |" time="0"/>
  <testcase name="| I6 | 1234567890 |  |  | IBM |" classname="| I6 | 1234567890 |  |  | IBM |" time="0.079"/>
  <testcase name="Given the computer database is open" classname="| I8 | Test Computer | 2021-01-00 |  | IBM | Introduced date |" time="0"/>
  <testcase name="When I add a new computer" classname="| I8 | Test Computer | 2021-01-00 |  | IBM | Introduced date |" time="0"/>
  <testcase name="Then the block is highlighted caused by the &apos;Introduced date&apos;" classname="| I8 | Test Computer | 2021-01-00 |  | IBM | Introduced date |" time="0"/>
  <testcase name="| I8 | Test Computer | 2021-01-00 |  | IBM | Introduced date |" classname="| I8 | Test Computer | 2021-01-00 |  | IBM | Introduced date |" time="0.072"/>
  <testcase name="Given the computer database is open" classname="| I9 | Test Computer1 |  | 2021-02-00 | IBM | Discontinued date |" time="0"/>
  <testcase name="When I add a new computer" classname="| I9 | Test Computer1 |  | 2021-02-00 | IBM | Discontinued date |" time="0"/>
  <testcase name="Then the block is highlighted caused by the &apos;Discontinued date&apos;" classname="| I9 | Test Computer1 |  | 2021-02-00 | IBM | Discontinued date |" time="0"/>
  <testcase name="| I9 | Test Computer1 |  | 2021-02-00 | IBM | Discontinued date |" classname="| I9 | Test Computer1 |  | 2021-02-00 | IBM | Discontinued date |" time="0.066"/>
  <testcase name="Given the computer database is open" classname="| I10 | 1234567890 | 2021-03-40 |  | IBM | Introduced date |" time="0"/>
  <testcase name="When I add a new computer" classname="| I10 | 1234567890 | 2021-03-40 |  | IBM | Introduced date |" time="0"/>
  <testcase name="Then the block is highlighted caused by the &apos;Introduced date&apos;" classname="| I10 | 1234567890 | 2021-03-40 |  | IBM | Introduced date |" time="0"/>
  <testcase name="| I10 | 1234567890 | 2021-03-40 |  | IBM | Introduced date |" classname="| I10 | 1234567890 | 2021-03-40 |  | IBM | Introduced date |" time="0.051"/>
  <testcase name="Given the computer database is open" classname="| I11 | 1234567890 |  | 2021-04-40 | IBM | Discontinued date |" time="0"/>
  <testcase name="When I add a new computer" classname="| I11 | 1234567890 |  | 2021-04-40 | IBM | Discontinued date |" time="0"/>
  <testcase name="Then the block is highlighted caused by the &apos;Discontinued date&apos;" classname="| I11 | 1234567890 |  | 2021-04-40 | IBM | Discontinued date |" time="0"/>
  <testcase name="| I11 | 1234567890 |  | 2021-04-40 | IBM | Discontinued date |" classname="| I11 | 1234567890 |  | 2021-04-40 | IBM | Discontinued date |" time="0.045"/>
  <testcase name="Given the computer database is open(| I12 | !&quot;£$%^&amp;*" classname=")_+=-{}][~@:;&apos;#?&gt;&lt;,./\ | 0000-01-15 |  | IBM | Introduced date |" time="0"/>
  <testcase name="When I add a new computer(| I12 | !&quot;£$%^&amp;*" classname=")_+=-{}][~@:;&apos;#?&gt;&lt;,./\ | 0000-01-15 |  | IBM | Introduced date |" time="0"/>
  <testcase name="Then the block is highlighted caused by the &apos;Introduced date&apos;(| I12 | !&quot;£$%^&amp;*" classname=")_+=-{}][~@:;&apos;#?&gt;&lt;,./\ | 0000-01-15 |  | IBM | Introduced date |" time="0">
    <error type="java.lang.NullPointerException">java.lang.NullPointerException
</error>
    <system-out><![CDATA[[ERROR] Unable to locate web element Create no such element: Unable to locate element: {"method":"css selector","selector":"div.clearfix.error"}
  (Session info: chrome=88.0.4324.150)
For documentation on this error, please visit: http://seleniumhq.org/exceptions/no_such_element.html
Build info: version: '3.11.0', revision: 'e59cfb3', time: '2018-03-11T20:26:55.152Z'
System info: host: 'DESKTOP-PDRP7FP', ip: '192.168.0.45', os.name: 'Windows 10', os.arch: 'amd64', os.version: '10.0', java.version: '1.8.0_261'
Driver info: org.openqa.selenium.chrome.ChromeDriver
Capabilities {acceptInsecureCerts: false, browserName: chrome, browserVersion: 88.0.4324.150, chrome: {chromedriverVersion: 87.0.4280.88 (89e2380a3e36c..., userDataDir: C:\Users\Nick\AppData\Local...}, goog:chromeOptions: {debuggerAddress: localhost:53365}, javascriptEnabled: true, networkConnectionEnabled: false, pageLoadStrategy: normal, platform: WINDOWS, platformName: WINDOWS, proxy: Proxy(), setWindowRect: true, strictFileInteractability: false, timeouts: {implicit: 0, pageLoad: 300000, script: 30000}, unhandledPromptBehavior: dismiss and notify, webauthn:virtualAuthenticators: true}
Session ID: e6f1435faaa7e3696c7ed5c441321745
*** Element info: {Using=css selector, value=div.clearfix.error}
 [Ljava.lang.StackTraceElement;@1db0ec27
]]></system-out>
  </testcase>
  <testcase name="| I12 | !&quot;£$%^&amp;*" classname="| I12 | !&quot;£$%^&amp;*()_+=-{}][~@:;&apos;#?&gt;&lt;,./\ | 0000-01-15 |  | IBM | Introduced date |" time="0">
    <error type="java.lang.NullPointerException">java.lang.NullPointerException
</error>
  </testcase>
  <testcase name="Given the computer database is open(| I13 | !&quot;£$%^&amp;*" classname=")_+=-{}][~@:;&apos;#?&gt;&lt;,./\ |  | 0000-02-15 | IBM | Discontinued date |" time="0"/>
  <testcase name="When I add a new computer(| I13 | !&quot;£$%^&amp;*" classname=")_+=-{}][~@:;&apos;#?&gt;&lt;,./\ |  | 0000-02-15 | IBM | Discontinued date |" time="0"/>
  <testcase name="Then the block is highlighted caused by the &apos;Discontinued date&apos;(| I13 | !&quot;£$%^&amp;*" classname=")_+=-{}][~@:;&apos;#?&gt;&lt;,./\ |  | 0000-02-15 | IBM | Discontinued date |" time="0.001">
    <error type="java.lang.NullPointerException">java.lang.NullPointerException
</error>
    <system-out><![CDATA[[ERROR] Unable to locate web element Create no such element: Unable to locate element: {"method":"css selector","selector":"div.clearfix.error"}
  (Session info: chrome=88.0.4324.150)
For documentation on this error, please visit: http://seleniumhq.org/exceptions/no_such_element.html
Build info: version: '3.11.0', revision: 'e59cfb3', time: '2018-03-11T20:26:55.152Z'
System info: host: 'DESKTOP-PDRP7FP', ip: '192.168.0.45', os.name: 'Windows 10', os.arch: 'amd64', os.version: '10.0', java.version: '1.8.0_261'
Driver info: org.openqa.selenium.chrome.ChromeDriver
Capabilities {acceptInsecureCerts: false, browserName: chrome, browserVersion: 88.0.4324.150, chrome: {chromedriverVersion: 87.0.4280.88 (89e2380a3e36c..., userDataDir: C:\Users\Nick\AppData\Local...}, goog:chromeOptions: {debuggerAddress: localhost:53394}, javascriptEnabled: true, networkConnectionEnabled: false, pageLoadStrategy: normal, platform: WINDOWS, platformName: WINDOWS, proxy: Proxy(), setWindowRect: true, strictFileInteractability: false, timeouts: {implicit: 0, pageLoad: 300000, script: 30000}, unhandledPromptBehavior: dismiss and notify, webauthn:virtualAuthenticators: true}
Session ID: 98ed556582027c71f55c0b037f56c877
*** Element info: {Using=css selector, value=div.clearfix.error}
 [Ljava.lang.StackTraceElement;@6e0d4a8
]]></system-out>
  </testcase>
  <testcase name="| I13 | !&quot;£$%^&amp;*" classname="| I13 | !&quot;£$%^&amp;*()_+=-{}][~@:;&apos;#?&gt;&lt;,./\ |  | 0000-02-15 | IBM | Discontinued date |" time="0.001">
    <error type="java.lang.NullPointerException">java.lang.NullPointerException
</error>
  </testcase>
  <testcase name="Given the computer database is open" classname="| I14 | Test Computer 1 | AAAA-BB-CC |  | IBM | Introduced date |" time="0"/>
  <testcase name="When I add a new computer" classname="| I14 | Test Computer 1 | AAAA-BB-CC |  | IBM | Introduced date |" time="0"/>
  <testcase name="Then the block is highlighted caused by the &apos;Introduced date&apos;" classname="| I14 | Test Computer 1 | AAAA-BB-CC |  | IBM | Introduced date |" time="0"/>
  <testcase name="| I14 | Test Computer 1 | AAAA-BB-CC |  | IBM | Introduced date |" classname="| I14 | Test Computer 1 | AAAA-BB-CC |  | IBM | Introduced date |" time="0.049"/>
  <testcase name="Given the computer database is open" classname="| I15 | Test Computer 1 |  | AAAA-BB-CC | IBM | Discontinued date |" time="0"/>
  <testcase name="When I add a new computer" classname="| I15 | Test Computer 1 |  | AAAA-BB-CC | IBM | Discontinued date |" time="0"/>
  <testcase name="Then the block is highlighted caused by the &apos;Discontinued date&apos;" classname="| I15 | Test Computer 1 |  | AAAA-BB-CC | IBM | Discontinued date |" time="0"/>
  <testcase name="| I15 | Test Computer 1 |  | AAAA-BB-CC | IBM | Discontinued date |" classname="| I15 | Test Computer 1 |  | AAAA-BB-CC | IBM | Discontinued date |" time="0.039"/>
  <testcase name="Given the computer database is open" classname="| I16 |  | 2021-01-04 | 2021-02-04 | IBM | Computer name |" time="0"/>
  <testcase name="When I add a new computer" classname="| I16 |  | 2021-01-04 | 2021-02-04 | IBM | Computer name |" time="0"/>
  <testcase name="Then the block is highlighted caused by the &apos;Computer name&apos;" classname="| I16 |  | 2021-01-04 | 2021-02-04 | IBM | Computer name |" time="0"/>
  <testcase name="| I16 |  | 2021-01-04 | 2021-02-04 | IBM | Computer name |" classname="| I16 |  | 2021-01-04 | 2021-02-04 | IBM | Computer name |" time="0.071"/>
  <testcase name="Given the computer database is open" classname="| I17 |  |  |  |  | Computer name |" time="0"/>
  <testcase name="When I add a new computer" classname="| I17 |  |  |  |  | Computer name |" time="0"/>
  <testcase name="Then the block is highlighted caused by the &apos;Computer name&apos;" classname="| I17 |  |  |  |  | Computer name |" time="0"/>
  <testcase name="| I17 |  |  |  |  | Computer name |" classname="| I17 |  |  |  |  | Computer name |" time="0.04"/>
  <testcase name="Given the computer database is open" classname="| D1 | Test Computer delete | 2020-01-20 |  | IBM | Nothing to display |" time="0"/>
  <testcase name="When I add a new computer" classname="| D1 | Test Computer delete | 2020-01-20 |  | IBM | Nothing to display |" time="0"/>
  <testcase name="Then I delete the computer &apos;Test Computer delete&apos;" classname="| D1 | Test Computer delete | 2020-01-20 |  | IBM | Nothing to display |" time="0"/>
  <testcase name="And I check the computer has been removed from the database" classname="| D1 | Test Computer delete | 2020-01-20 |  | IBM | Nothing to display |" time="0"/>
  <testcase name="| D1 | Test Computer delete | 2020-01-20 |  | IBM | Nothing to display |" classname="| D1 | Test Computer delete | 2020-01-20 |  | IBM | Nothing to display |" time="0.085"/>
  <testcase name="Given the computer database is open" classname="| D2 | Test Computer 99 | 2020-01-21 | 2020-01-22 | ARRA | Nothing to display |" time="0"/>
  <testcase name="When I add a new computer" classname="| D2 | Test Computer 99 | 2020-01-21 | 2020-01-22 | ARRA | Nothing to display |" time="0"/>
  <testcase name="Then I delete the computer &apos;Test Computer 99&apos;" classname="| D2 | Test Computer 99 | 2020-01-21 | 2020-01-22 | ARRA | Nothing to display |" time="0"/>
  <testcase name="And I check the computer has been removed from the database" classname="| D2 | Test Computer 99 | 2020-01-21 | 2020-01-22 | ARRA | Nothing to display |" time="0"/>
  <testcase name="| D2 | Test Computer 99 | 2020-01-21 | 2020-01-22 | ARRA | Nothing to display |" classname="| D2 | Test Computer 99 | 2020-01-21 | 2020-01-22 | ARRA | Nothing to display |" time="0.043"/>
  <testcase name="Given the computer database is open" classname="| D3 | 987654321 |  |  | Amiga 3000UX | Nothing to display |" time="0"/>
  <testcase name="When I add a new computer" classname="| D3 | 987654321 |  |  | Amiga 3000UX | Nothing to display |" time="0"/>
  <testcase name="Then I delete the computer &apos;987654321&apos;" classname="| D3 | 987654321 |  |  | Amiga 3000UX | Nothing to display |" time="0"/>
  <testcase name="And I check the computer has been removed from the database" classname="| D3 | 987654321 |  |  | Amiga 3000UX | Nothing to display |" time="0"/>
  <testcase name="| D3 | 987654321 |  |  | Amiga 3000UX | Nothing to display |" classname="| D3 | 987654321 |  |  | Amiga 3000UX | Nothing to display |" time="0.05"/>
  <testcase name="Given the computer database is open" classname="| D4 | Test Computer !&quot;£$% |  | 2020-01-23 | BINAC | Nothing to display |" time="0"/>
  <testcase name="When I add a new computer" classname="| D4 | Test Computer !&quot;£$% |  | 2020-01-23 | BINAC | Nothing to display |" time="0"/>
  <testcase name="Then I delete the computer &apos;Test Computer !&quot;£$%&apos;" classname="| D4 | Test Computer !&quot;£$% |  | 2020-01-23 | BINAC | Nothing to display |" time="0"/>
  <testcase name="And I check the computer has been removed from the database" classname="| D4 | Test Computer !&quot;£$% |  | 2020-01-23 | BINAC | Nothing to display |" time="0"/>
  <testcase name="| D4 | Test Computer !&quot;£$% |  | 2020-01-23 | BINAC | Nothing to display |" classname="| D4 | Test Computer !&quot;£$% |  | 2020-01-23 | BINAC | Nothing to display |" time="0.041"/>
  <testcase name="Given the computer database is open" classname="| E1 | ASCI Blue Mountain | ASCI Blue Mountain1 | 2021-02-05 | 2021-02-15 | NeXT |" time="0"/>
  <testcase name="When I edit an existing entry" classname="| E1 | ASCI Blue Mountain | ASCI Blue Mountain1 | 2021-02-05 | 2021-02-15 | NeXT |" time="0"/>
  <testcase name="Then I check the entry has been updated" classname="| E1 | ASCI Blue Mountain | ASCI Blue Mountain1 | 2021-02-05 | 2021-02-15 | NeXT |" time="0"/>
  <testcase name="| E1 | ASCI Blue Mountain | ASCI Blue Mountain1 | 2021-02-05 | 2021-02-15 | NeXT |" classname="| E1 | ASCI Blue Mountain | ASCI Blue Mountain1 | 2021-02-05 | 2021-02-15 | NeXT |" time="0.055"/>
  <testcase name="Given the computer database is open" classname="| E2 | Amiga 2000 Model A | Amiga 2000 Model A |  |  | Commodore International |" time="0"/>
  <testcase name="When I edit an existing entry" classname="| E2 | Amiga 2000 Model A | Amiga 2000 Model A |  |  | Commodore International |" time="0"/>
  <testcase name="Then I check the entry has been updated" classname="| E2 | Amiga 2000 Model A | Amiga 2000 Model A |  |  | Commodore International |" time="0"/>
  <testcase name="| E2 | Amiga 2000 Model A | Amiga 2000 Model A |  |  | Commodore International |" classname="| E2 | Amiga 2000 Model A | Amiga 2000 Model A |  |  | Commodore International |" time="0.046"/>
  <testcase name="Given the computer database is open" classname="| E3 | Analytical engine | Analytical engine1 |  | 2020-01-15 | Micro Instrumentation and Telemetry Systems |" time="0"/>
  <testcase name="When I edit an existing entry" classname="| E3 | Analytical engine | Analytical engine1 |  | 2020-01-15 | Micro Instrumentation and Telemetry Systems |" time="0"/>
  <testcase name="Then I check the entry has been updated" classname="| E3 | Analytical engine | Analytical engine1 |  | 2020-01-15 | Micro Instrumentation and Telemetry Systems |" time="0"/>
  <testcase name="| E3 | Analytical engine | Analytical engine1 |  | 2020-01-15 | Micro Instrumentation and Telemetry Systems |" classname="| E3 | Analytical engine | Analytical engine1 |  | 2020-01-15 | Micro Instrumentation and Telemetry Systems |" time="0.045"/>
  <testcase name="Given the computer database is open" classname="| E4 | Apple PenLite | Apple PenLite | 2016-03-15 |  | Apple Inc. |" time="0"/>
  <testcase name="When I edit an existing entry" classname="| E4 | Apple PenLite | Apple PenLite | 2016-03-15 |  | Apple Inc. |" time="0"/>
  <testcase name="Then I check the entry has been updated" classname="| E4 | Apple PenLite | Apple PenLite | 2016-03-15 |  | Apple Inc. |" time="0"/>
  <testcase name="| E4 | Apple PenLite | Apple PenLite | 2016-03-15 |  | Apple Inc. |" classname="| E4 | Apple PenLite | Apple PenLite | 2016-03-15 |  | Apple Inc. |" time="0.05"/>
  <testcase name="Given the computer database is open" classname="| E5 | ASCI Blue Mountain |  | 2021-02-05 |  | NeXT | Computer name |" time="0"/>
  <testcase name="When I edit an existing entry" classname="| E5 | ASCI Blue Mountain |  | 2021-02-05 |  | NeXT | Computer name |" time="0"/>
  <testcase name="Then the block is highlighted caused by the &apos;Computer name&apos;" classname="| E5 | ASCI Blue Mountain |  | 2021-02-05 |  | NeXT | Computer name |" time="0"/>
  <testcase name="| E5 | ASCI Blue Mountain |  | 2021-02-05 |  | NeXT | Computer name |" classname="| E5 | ASCI Blue Mountain |  | 2021-02-05 |  | NeXT | Computer name |" time="0.063"/>
  <testcase name="Given the computer database is open" classname="| E6 | Amiga 2000 Model A | Amiga 2000 Model A | 2020-01-00 |  | Commodore International | Introduced date |" time="0"/>
  <testcase name="When I edit an existing entry" classname="| E6 | Amiga 2000 Model A | Amiga 2000 Model A | 2020-01-00 |  | Commodore International | Introduced date |" time="0"/>
  <testcase name="Then the block is highlighted caused by the &apos;Introduced date&apos;" classname="| E6 | Amiga 2000 Model A | Amiga 2000 Model A | 2020-01-00 |  | Commodore International | Introduced date |" time="0"/>
  <testcase name="| E6 | Amiga 2000 Model A | Amiga 2000 Model A | 2020-01-00 |  | Commodore International | Introduced date |" classname="| E6 | Amiga 2000 Model A | Amiga 2000 Model A | 2020-01-00 |  | Commodore International | Introduced date |" time="0.046"/>
  <testcase name="Given the computer database is open" classname="| E7 | Analytical engine | Analytical engine1 |  | 2020-01-00 | Micro Instrumentation and Telemetry Systems | Discontinued date |" time="0"/>
  <testcase name="When I edit an existing entry" classname="| E7 | Analytical engine | Analytical engine1 |  | 2020-01-00 | Micro Instrumentation and Telemetry Systems | Discontinued date |" time="0"/>
  <testcase name="Then the block is highlighted caused by the &apos;Discontinued date&apos;" classname="| E7 | Analytical engine | Analytical engine1 |  | 2020-01-00 | Micro Instrumentation and Telemetry Systems | Discontinued date |" time="0"/>
  <testcase name="| E7 | Analytical engine | Analytical engine1 |  | 2020-01-00 | Micro Instrumentation and Telemetry Systems | Discontinued date |" classname="| E7 | Analytical engine | Analytical engine1 |  | 2020-01-00 | Micro Instrumentation and Telemetry Systems | Discontinued date |" time="0.034"/>
  <testcase name="Given the computer database is open" classname="| E8 | Apple PenLite | Apple PenLite | 2016-03-40 |  | Apple Inc. | Introduced date |" time="0"/>
  <testcase name="When I edit an existing entry" classname="| E8 | Apple PenLite | Apple PenLite | 2016-03-40 |  | Apple Inc. | Introduced date |" time="0"/>
  <testcase name="Then the block is highlighted caused by the &apos;Introduced date&apos;" classname="| E8 | Apple PenLite | Apple PenLite | 2016-03-40 |  | Apple Inc. | Introduced date |" time="0"/>
  <testcase name="| E8 | Apple PenLite | Apple PenLite | 2016-03-40 |  | Apple Inc. | Introduced date |" classname="| E8 | Apple PenLite | Apple PenLite | 2016-03-40 |  | Apple Inc. | Introduced date |" time="0.042"/>
  <testcase name="Given the computer database is open" classname="| E9 | ASCI Blue Pacific | ASCI Blue Pacific |  | 2016-03-40 | Apple Inc. | Discontinued date |" time="0"/>
  <testcase name="When I edit an existing entry" classname="| E9 | ASCI Blue Pacific | ASCI Blue Pacific |  | 2016-03-40 | Apple Inc. | Discontinued date |" time="0"/>
  <testcase name="Then the block is highlighted caused by the &apos;Discontinued date&apos;" classname="| E9 | ASCI Blue Pacific | ASCI Blue Pacific |  | 2016-03-40 | Apple Inc. | Discontinued date |" time="0"/>
  <testcase name="| E9 | ASCI Blue Pacific | ASCI Blue Pacific |  | 2016-03-40 | Apple Inc. | Discontinued date |" classname="| E9 | ASCI Blue Pacific | ASCI Blue Pacific |  | 2016-03-40 | Apple Inc. | Discontinued date |" time="0.045"/>
  <testcase name="Given the computer database is open" classname="| E10 | Acer Extensa | Acer Extensa | 0000-03-15 |  | Apple Inc. | Introduced date |" time="0"/>
  <testcase name="When I edit an existing entry" classname="| E10 | Acer Extensa | Acer Extensa | 0000-03-15 |  | Apple Inc. | Introduced date |" time="0"/>
  <testcase name="Then the block is highlighted caused by the &apos;Introduced date&apos;" classname="| E10 | Acer Extensa | Acer Extensa | 0000-03-15 |  | Apple Inc. | Introduced date |" time="0">
    <error type="java.lang.NullPointerException">java.lang.NullPointerException
</error>
    <system-out><![CDATA[[ERROR] Unable to locate web element Create no such element: Unable to locate element: {"method":"css selector","selector":"div.clearfix.error"}
  (Session info: chrome=88.0.4324.150)
For documentation on this error, please visit: http://seleniumhq.org/exceptions/no_such_element.html
Build info: version: '3.11.0', revision: 'e59cfb3', time: '2018-03-11T20:26:55.152Z'
System info: host: 'DESKTOP-PDRP7FP', ip: '192.168.0.45', os.name: 'Windows 10', os.arch: 'amd64', os.version: '10.0', java.version: '1.8.0_261'
Driver info: org.openqa.selenium.chrome.ChromeDriver
Capabilities {acceptInsecureCerts: false, browserName: chrome, browserVersion: 88.0.4324.150, chrome: {chromedriverVersion: 87.0.4280.88 (89e2380a3e36c..., userDataDir: C:\Users\Nick\AppData\Local...}, goog:chromeOptions: {debuggerAddress: localhost:53875}, javascriptEnabled: true, networkConnectionEnabled: false, pageLoadStrategy: normal, platform: WINDOWS, platformName: WINDOWS, proxy: Proxy(), setWindowRect: true, strictFileInteractability: false, timeouts: {implicit: 0, pageLoad: 300000, script: 30000}, unhandledPromptBehavior: dismiss and notify, webauthn:virtualAuthenticators: true}
Session ID: 8e96d63bd50dad2d47e96918d59f3f64
*** Element info: {Using=css selector, value=div.clearfix.error}
 [Ljava.lang.StackTraceElement;@5e76a2bb
]]></system-out>
  </testcase>
  <testcase name="| E10 | Acer Extensa | Acer Extensa | 0000-03-15 |  | Apple Inc. | Introduced date |" classname="| E10 | Acer Extensa | Acer Extensa | 0000-03-15 |  | Apple Inc. | Introduced date |" time="0">
    <error type="java.lang.NullPointerException">java.lang.NullPointerException
</error>
  </testcase>
  <testcase name="Given the computer database is open" classname="| E11 | Acorn System 2 | Amiga 1000 |  | 0000-03-15 | Apple Inc. | Discontinued date |" time="0"/>
  <testcase name="When I edit an existing entry" classname="| E11 | Acorn System 2 | Amiga 1000 |  | 0000-03-15 | Apple Inc. | Discontinued date |" time="0">
    <error message="stale element reference: element is not attached to the page document&#10;  (Session info: chrome=88.0.4324.150)&#10;For documentation on this error, please visit: http://seleniumhq.org/exceptions/stale_element_reference.html&#10;Build info: version: &apos;3.11.0&apos;, revision: &apos;e59cfb3&apos;, time: &apos;2018-03-11T20:26:55.152Z&apos;&#10;System info: host: &apos;DESKTOP-PDRP7FP&apos;, ip: &apos;192.168.0.45&apos;, os.name: &apos;Windows 10&apos;, os.arch: &apos;amd64&apos;, os.version: &apos;10.0&apos;, java.version: &apos;1.8.0_261&apos;&#10;Driver info: org.openqa.selenium.chrome.ChromeDriver&#10;Capabilities {acceptInsecureCerts: false, browserName: chrome, browserVersion: 88.0.4324.150, chrome: {chromedriverVersion: 87.0.4280.88 (89e2380a3e36c..., userDataDir: C:\Users\Nick\AppData\Local...}, goog:chromeOptions: {debuggerAddress: localhost:53901}, javascriptEnabled: true, networkConnectionEnabled: false, pageLoadStrategy: normal, platform: WINDOWS, platformName: WINDOWS, proxy: Proxy(), setWindowRect: true, strictFileInteractability: false, timeouts: {implicit: 0, pageLoad: 300000, script: 30000}, unhandledPromptBehavior: dismiss and notify, webauthn:virtualAuthenticators: true}&#10;Session ID: 94d13010da84eabc9b5557dd9500699f" type="org.openqa.selenium.StaleElementReferenceException">org.openqa.selenium.StaleElementReferenceException: 
stale element reference: element is not attached to the page document
  (Session info: chrome=88.0.4324.150)
For documentation on this error, please visit: http://seleniumhq.org/exceptions/stale_element_reference.html
Build info: version: '3.11.0', revision: 'e59cfb3', time: '2018-03-11T20:26:55.152Z'
System info: host: 'DESKTOP-PDRP7FP', ip: '192.168.0.45', os.name: 'Windows 10', os.arch: 'amd64', os.version: '10.0', java.version: '1.8.0_261'
Driver info: org.openqa.selenium.chrome.ChromeDriver
Capabilities {acceptInsecureCerts: false, browserName: chrome, browserVersion: 88.0.4324.150, chrome: {chromedriverVersion: 87.0.4280.88 (89e2380a3e36c..., userDataDir: C:\Users\Nick\AppData\Local...}, goog:chromeOptions: {debuggerAddress: localhost:53901}, javascriptEnabled: true, networkConnectionEnabled: false, pageLoadStrategy: normal, platform: WINDOWS, platformName: WINDOWS, proxy: Proxy(), setWindowRect: true, strictFileInteractability: false, timeouts: {implicit: 0, pageLoad: 300000, script: 30000}, unhandledPromptBehavior: dismiss and notify, webauthn:virtualAuthenticators: true}
Session ID: 94d13010da84eabc9b5557dd9500699f
</error>
    <system-out><![CDATA[[ERROR] Unable to find first line of table no such element: Unable to locate element: {"method":"xpath","selector":"//*[@id="main"]/table/tbody/tr[1]/td[1]/a"}
  (Session info: chrome=88.0.4324.150)
For documentation on this error, please visit: http://seleniumhq.org/exceptions/no_such_element.html
Build info: version: '3.11.0', revision: 'e59cfb3', time: '2018-03-11T20:26:55.152Z'
System info: host: 'DESKTOP-PDRP7FP', ip: '192.168.0.45', os.name: 'Windows 10', os.arch: 'amd64', os.version: '10.0', java.version: '1.8.0_261'
Driver info: org.openqa.selenium.chrome.ChromeDriver
Capabilities {acceptInsecureCerts: false, browserName: chrome, browserVersion: 88.0.4324.150, chrome: {chromedriverVersion: 87.0.4280.88 (89e2380a3e36c..., userDataDir: C:\Users\Nick\AppData\Local...}, goog:chromeOptions: {debuggerAddress: localhost:53901}, javascriptEnabled: true, networkConnectionEnabled: false, pageLoadStrategy: normal, platform: WINDOWS, platformName: WINDOWS, proxy: Proxy(), setWindowRect: true, strictFileInteractability: false, timeouts: {implicit: 0, pageLoad: 300000, script: 30000}, unhandledPromptBehavior: dismiss and notify, webauthn:virtualAuthenticators: true}
Session ID: 94d13010da84eabc9b5557dd9500699f
*** Element info: {Using=xpath, value=//*[@id="main"]/table/tbody/tr[1]/td[1]/a}
 [Ljava.lang.StackTraceElement;@7a94b64e
]]></system-out>
  </testcase>
  <testcase name="| E11 | Acorn System 2 | Amiga 1000 |  | 0000-03-15 | Apple Inc. | Discontinued date |" classname="| E11 | Acorn System 2 | Amiga 1000 |  | 0000-03-15 | Apple Inc. | Discontinued date |" time="0.001">
    <error message="stale element reference: element is not attached to the page document&#10;  (Session info: chrome=88.0.4324.150)&#10;For documentation on this error, please visit: http://seleniumhq.org/exceptions/stale_element_reference.html&#10;Build info: version: &apos;3.11.0&apos;, revision: &apos;e59cfb3&apos;, time: &apos;2018-03-11T20:26:55.152Z&apos;&#10;System info: host: &apos;DESKTOP-PDRP7FP&apos;, ip: &apos;192.168.0.45&apos;, os.name: &apos;Windows 10&apos;, os.arch: &apos;amd64&apos;, os.version: &apos;10.0&apos;, java.version: &apos;1.8.0_261&apos;&#10;Driver info: org.openqa.selenium.chrome.ChromeDriver&#10;Capabilities {acceptInsecureCerts: false, browserName: chrome, browserVersion: 88.0.4324.150, chrome: {chromedriverVersion: 87.0.4280.88 (89e2380a3e36c..., userDataDir: C:\Users\Nick\AppData\Local...}, goog:chromeOptions: {debuggerAddress: localhost:53901}, javascriptEnabled: true, networkConnectionEnabled: false, pageLoadStrategy: normal, platform: WINDOWS, platformName: WINDOWS, proxy: Proxy(), setWindowRect: true, strictFileInteractability: false, timeouts: {implicit: 0, pageLoad: 300000, script: 30000}, unhandledPromptBehavior: dismiss and notify, webauthn:virtualAuthenticators: true}&#10;Session ID: 94d13010da84eabc9b5557dd9500699f" type="org.openqa.selenium.StaleElementReferenceException">org.openqa.selenium.StaleElementReferenceException: 
stale element reference: element is not attached to the page document
  (Session info: chrome=88.0.4324.150)
For documentation on this error, please visit: http://seleniumhq.org/exceptions/stale_element_reference.html
Build info: version: '3.11.0', revision: 'e59cfb3', time: '2018-03-11T20:26:55.152Z'
System info: host: 'DESKTOP-PDRP7FP', ip: '192.168.0.45', os.name: 'Windows 10', os.arch: 'amd64', os.version: '10.0', java.version: '1.8.0_261'
Driver info: org.openqa.selenium.chrome.ChromeDriver
Capabilities {acceptInsecureCerts: false, browserName: chrome, browserVersion: 88.0.4324.150, chrome: {chromedriverVersion: 87.0.4280.88 (89e2380a3e36c..., userDataDir: C:\Users\Nick\AppData\Local...}, goog:chromeOptions: {debuggerAddress: localhost:53901}, javascriptEnabled: true, networkConnectionEnabled: false, pageLoadStrategy: normal, platform: WINDOWS, platformName: WINDOWS, proxy: Proxy(), setWindowRect: true, strictFileInteractability: false, timeouts: {implicit: 0, pageLoad: 300000, script: 30000}, unhandledPromptBehavior: dismiss and notify, webauthn:virtualAuthenticators: true}
Session ID: 94d13010da84eabc9b5557dd9500699f
</error>
  </testcase>
  <testcase name="Then the block is highlighted caused by the &apos;Discontinued date&apos;" classname="| E11 | Acorn System 2 | Amiga 1000 |  | 0000-03-15 | Apple Inc. | Discontinued date |" time="0">
    <skipped/>
  </testcase>
  <testcase name="Given the computer database is open" classname="| E12 | Amiga 3000UX | Amiga 3000UX | AAaa-Bb-Cc |  | Apple Inc. | Introduced date |" time="0"/>
  <testcase name="When I edit an existing entry" classname="| E12 | Amiga 3000UX | Amiga 3000UX | AAaa-Bb-Cc |  | Apple Inc. | Introduced date |" time="0"/>
  <testcase name="Then the block is highlighted caused by the &apos;Introduced date&apos;" classname="| E12 | Amiga 3000UX | Amiga 3000UX | AAaa-Bb-Cc |  | Apple Inc. | Introduced date |" time="0"/>
  <testcase name="| E12 | Amiga 3000UX | Amiga 3000UX | AAaa-Bb-Cc |  | Apple Inc. | Introduced date |" classname="| E12 | Amiga 3000UX | Amiga 3000UX | AAaa-Bb-Cc |  | Apple Inc. | Introduced date |" time="0.035"/>
  <testcase name="Given the computer database is open" classname="| E13 | Amstrad CPC | Amstrad CPC |  | AAaa-Bb-Cc | Apple Inc. | Discontinued date |" time="0"/>
  <testcase name="When I edit an existing entry" classname="| E13 | Amstrad CPC | Amstrad CPC |  | AAaa-Bb-Cc | Apple Inc. | Discontinued date |" time="0"/>
  <testcase name="Then the block is highlighted caused by the &apos;Discontinued date&apos;" classname="| E13 | Amstrad CPC | Amstrad CPC |  | AAaa-Bb-Cc | Apple Inc. | Discontinued date |" time="0"/>
  <testcase name="| E13 | Amstrad CPC | Amstrad CPC |  | AAaa-Bb-Cc | Apple Inc. | Discontinued date |" classname="| E13 | Amstrad CPC | Amstrad CPC |  | AAaa-Bb-Cc | Apple Inc. | Discontinued date |" time="0.038"/>
  <testcase name="Given the computer database is open" classname="Scenario: View contents of table pages" time="0"/>
  <testcase name="When I click the next button" classname="Scenario: View contents of table pages" time="0"/>
  <testcase name="Then I check the table view" classname="Scenario: View contents of table pages" time="0"/>
  <testcase name="Then I check the table view" classname="Scenario: View contents of table pages" time="0"/>
  <testcase name="And I click the previous button" classname="Scenario: View contents of table pages" time="0"/>
  <testcase name="Scenario: View contents of table pages" classname="Scenario: View contents of table pages" time="0.035"/>
</testsuite>